2023-09-18 20:27:38 INFO  UserStory02:41 - invoked testLogin test
  2023-09-18 20:27:38 INFO  UserStory02:49 - invoked testDashboard test
  2023-09-18 20:27:39 INFO  UserStory02:57 - invoked testUploadCSV test
  2023-09-18 20:53:57 INFO  UserStory02:42 - invoked testLogin test
  2023-09-18 20:53:57 INFO  UserStory02:50 - invoked testDashboard test
  2023-09-18 20:53:58 INFO  UserStory02:58 - invoked testUploadCSV test
  2023-09-18 20:54:52 INFO  UserStory02:42 - invoked testLogin test
  2023-09-18 20:54:53 INFO  UserStory02:50 - invoked testDashboard test
  2023-09-18 20:54:53 INFO  UserStory02:58 - invoked testUploadCSV test
  2023-09-18 20:54:58 INFO  UserStory02:37 - invoked testLogin test
  2023-09-18 20:54:59 INFO  UserStory02:46 - invoked testBookDashboard test
  2023-09-18 20:56:33 INFO  UserStory02:42 - invoked testLogin test
  2023-09-18 20:56:34 INFO  UserStory02:50 - invoked testDashboard test
  2023-09-18 20:56:34 INFO  UserStory02:58 - invoked testUploadCSV test
  2023-09-18 20:56:40 INFO  UserStory03:37 - invoked testLogin test
  2023-09-18 20:56:41 INFO  UserStory03:46 - invoked testBookDashboard test
  2023-09-18 20:57:49 INFO  UserStory02:42 - invoked testLogin test
  2023-09-18 20:57:49 INFO  UserStory02:50 - invoked testDashboard test
  2023-09-18 20:57:50 INFO  UserStory02:58 - invoked testUploadCSV test
  2023-09-18 20:57:55 INFO  UserStory03:37 - invoked testLogin test
  2023-09-18 20:57:56 INFO  UserStory03:46 - invoked testBookDashboard test
  2023-09-18 21:02:14 INFO  UserStory03:37 - invoked testLogin test
  2023-09-18 21:02:15 INFO  UserStory03:46 - invoked testBookDashboard test
  2023-09-18 21:07:40 INFO  UserStory02:42 - invoked testLogin test
  2023-09-18 21:07:41 INFO  UserStory02:50 - invoked testDashboard test
  2023-09-18 21:07:41 INFO  UserStory02:58 - invoked testUploadCSV test
  2023-09-18 21:07:47 INFO  UserStory03:37 - invoked testLogin test
  2023-09-18 21:07:48 INFO  UserStory03:46 - invoked testBookDashboard test
  2023-09-18 21:23:39 INFO  UserStory01:42 - invoked validatePayload test
  2023-09-18 21:23:39 INFO  UserStory01:55 - invoked testHeroCreation test
  2023-09-18 21:23:42 INFO  UserStory01:68 - invoked fetchHeroFromDB test
  2023-09-18 21:23:46 INFO  UserStory02:40 - invoked testLogin test
  2023-09-18 21:23:47 INFO  UserStory02:49 - invoked testDashboard test
  2023-09-18 21:23:47 INFO  UserStory02:57 - invoked testUploadCSV test
  2023-09-18 21:23:52 INFO  UserStory03:37 - invoked testLogin test
  2023-09-18 21:23:53 INFO  UserStory03:46 - invoked testBookDashboard test
  2023-09-18 21:23:59 INFO  UserStory04:32 - invoked workingClassCreation test
  2023-09-18 21:23:59 INFO  UserStory05:25 - invoked getRequestAutomation test
  2023-09-18 21:23:59 INFO  UserStory06:28 - invoked testVoucherInsights test
  2023-09-18 21:36:33 INFO  UserStory01:42 - invoked validatePayload test
  2023-09-18 21:36:33 INFO  UserStory01:55 - invoked testHeroCreation test
  2023-09-18 21:36:36 INFO  UserStory01:68 - invoked fetchHeroFromDB test
  2023-09-18 22:16:24 INFO  UserStory01:42 - invoked validatePayload test
  2023-09-18 22:16:24 INFO  UserStory01:55 - invoked testHeroCreation test
  2023-09-18 22:16:27 INFO  UserStory01:68 - invoked fetchHeroFromDB test
  2023-09-18 22:16:38 INFO  UserStory01:42 - invoked validatePayload test
  2023-09-18 22:16:38 INFO  UserStory01:55 - invoked testHeroCreation test
  2023-09-18 22:16:42 INFO  UserStory01:68 - invoked fetchHeroFromDB test
  2023-09-18 23:21:01 INFO  UserStory01:42 - invoked validatePayload test
  2023-09-18 23:21:01 INFO  UserStory01:55 - invoked testHeroCreation test
  2023-09-18 23:21:04 INFO  UserStory01:68 - invoked fetchHeroFromDB test
  2023-09-19 00:37:47 INFO  UserStory01:42 - invoked validatePayload test
  2023-09-19 00:37:47 INFO  UserStory01:55 - invoked testHeroCreation test
  2023-09-19 00:37:50 INFO  UserStory01:68 - invoked fetchHeroFromDB test
  2023-09-19 00:37:51 INFO  UserStory01:76 - invoked testHeroCreation test
  